TN:
SF:src/repository/airtableDetailingService.ts
FN:5,(anonymous_0)
FN:9,(anonymous_1)
FNF:2
FNH:0
FNDA:0,(anonymous_0)
FNDA:0,(anonymous_1)
DA:1,1
DA:3,1
DA:5,1
DA:6,0
DA:7,0
DA:8,0
DA:9,0
DA:11,0
DA:13,0
DA:14,0
LF:10
LH:3
BRDA:7,0,0,0
BRDA:7,0,1,0
BRDA:7,1,0,0
BRDA:7,1,1,0
BRF:4
BRH:0
end_of_record
TN:
SF:src/repository/airtableOrderService.ts
FN:5,(anonymous_0)
FNF:1
FNH:0
FNDA:0,(anonymous_0)
DA:1,1
DA:3,1
DA:5,1
DA:6,0
DA:7,0
DA:8,0
DA:9,0
DA:11,0
DA:12,0
LF:9
LH:3
BRDA:7,0,0,0
BRDA:7,0,1,0
BRDA:7,1,0,0
BRDA:7,1,1,0
BRF:4
BRH:0
end_of_record
TN:
SF:src/repository/airtableOrderTextService.ts
FN:5,(anonymous_0)
FNF:1
FNH:0
FNDA:0,(anonymous_0)
DA:1,1
DA:3,1
DA:5,1
DA:6,0
DA:7,0
DA:8,0
DA:9,0
DA:11,0
DA:12,0
LF:9
LH:3
BRDA:7,0,0,0
BRDA:7,0,1,0
BRDA:7,1,0,0
BRDA:7,1,1,0
BRF:4
BRH:0
end_of_record
TN:
SF:src/repository/airtableProductService.ts
FN:5,(anonymous_0)
FN:7,(anonymous_1)
FN:14,(anonymous_2)
FNF:3
FNH:0
FNDA:0,(anonymous_0)
FNDA:0,(anonymous_1)
FNDA:0,(anonymous_2)
DA:1,1
DA:3,1
DA:5,1
DA:6,0
DA:7,0
DA:8,0
DA:9,0
DA:13,0
DA:14,0
DA:16,0
DA:19,0
DA:20,0
LF:12
LH:3
BRDA:6,0,0,0
BRDA:6,0,1,0
BRDA:6,1,0,0
BRDA:6,1,1,0
BRDA:13,2,0,0
BRDA:13,2,1,0
BRF:6
BRH:0
end_of_record
TN:
SF:src/repository/airtableSupplierService.ts
FN:4,(anonymous_0)
FNF:1
FNH:0
FNDA:0,(anonymous_0)
DA:1,1
DA:2,1
DA:4,1
DA:10,0
DA:11,0
DA:12,0
DA:13,0
DA:16,0
DA:17,0
DA:19,0
DA:22,0
DA:23,0
LF:12
LH:3
BRDA:16,0,0,0
BRDA:16,0,1,0
BRF:2
BRH:0
end_of_record
TN:
SF:src/service/airtableConfirmService.ts
FN:10,(anonymous_0)
FN:37,(anonymous_1)
FN:53,(anonymous_2)
FN:76,(anonymous_3)
FN:104,(anonymous_4)
FNF:5
FNH:5
FNDA:5,(anonymous_0)
FNDA:6,(anonymous_1)
FNDA:5,(anonymous_2)
FNDA:4,(anonymous_3)
FNDA:3,(anonymous_4)
DA:3,1
DA:4,1
DA:5,1
DA:6,1
DA:7,1
DA:8,1
DA:10,1
DA:17,5
DA:24,5
DA:37,6
DA:52,4
DA:54,5
DA:55,5
DA:60,4
DA:76,4
DA:99,4
DA:100,2
DA:103,2
DA:104,3
DA:129,2
DA:130,2
DA:133,2
DA:140,3
LF:23
LH:23
BRDA:26,0,0,5
BRDA:26,0,1,0
BRDA:29,1,0,5
BRDA:29,1,1,0
BRDA:32,2,0,5
BRDA:32,2,1,0
BRDA:35,3,0,5
BRDA:35,3,1,0
BRDA:39,4,0,5
BRDA:39,4,1,0
BRDA:42,5,0,5
BRDA:42,5,1,0
BRDA:45,6,0,5
BRDA:45,6,1,0
BRDA:48,7,0,5
BRDA:48,7,1,0
BRDA:64,8,0,4
BRDA:64,8,1,0
BRDA:66,9,0,1
BRDA:66,9,1,3
BRDA:66,10,0,4
BRDA:66,10,1,3
BRDA:66,10,2,3
BRDA:66,10,3,3
BRDA:74,11,0,4
BRDA:74,11,1,0
BRDA:83,12,0,4
BRDA:83,12,1,0
BRDA:85,13,0,0
BRDA:85,13,1,0
BRDA:87,14,0,0
BRDA:87,14,1,0
BRDA:99,15,0,2
BRF:33
BRH:18
end_of_record
TN:
SF:src/utils/chunkArray.ts
FN:1,(anonymous_0)
FNF:1
FNH:0
FNDA:0,(anonymous_0)
DA:1,1
DA:2,0
DA:3,0
DA:4,0
DA:6,0
LF:5
LH:1
BRF:0
BRH:0
end_of_record
TN:
SF:src/utils/logUtils.ts
FN:7,(anonymous_10)
FN:12,(anonymous_11)
FNF:2
FNH:0
FNDA:0,(anonymous_10)
FNDA:0,(anonymous_11)
DA:1,5
DA:2,5
DA:3,5
DA:4,5
DA:5,5
DA:7,5
DA:8,0
DA:9,0
DA:12,5
DA:13,0
DA:14,0
DA:15,0
DA:16,0
DA:17,0
DA:19,0
DA:20,0
DA:23,0
DA:24,0
DA:26,0
DA:28,0
DA:30,0
DA:31,0
DA:32,0
DA:38,0
LF:24
LH:7
BRDA:12,0,0,0
BRDA:19,1,0,0
BRDA:24,2,0,0
BRDA:24,2,1,0
BRDA:30,3,0,0
BRDA:32,4,0,0
BRDA:32,4,1,0
BRDA:34,5,0,0
BRDA:34,5,1,0
BRF:9
BRH:0
end_of_record
